<?xml version="1.0" encoding="UTF-8"?>
<robot generator="Robot 5.0.1 (Python 3.9.13 on win32)" generated="20220823 08:54:32.354" rpa="false" schemaversion="3">
<suite id="s1" name="GlobalSQA" source="c:\RF_Automation\testcase\GlobalSQA.robot">
<test id="s1-t1" name="Add new customer and account for customer to deposit then Withdraw" line="46">
<kw name="Launch Browser" library="common" type="SETUP">
<arg>${browser}</arg>
<arg>${url}</arg>
<kw name="Run Keyword If" library="BuiltIn">
<arg>'${browser}'=='chrome'</arg>
<arg>Launch Chrome</arg>
<arg>${url}</arg>
<arg>ELSE IF</arg>
<arg>'${browser}'=='ie'</arg>
<arg>Launch IE</arg>
<arg>${url}</arg>
<arg>ELSE IF</arg>
<arg>'${browser}'=='edge'</arg>
<arg>Launch Edge</arg>
<arg>${url}</arg>
<doc>Runs the given keyword with the given arguments, if ``condition`` is true.</doc>
<kw name="Launch Chrome" library="common">
<arg>${url}</arg>
<kw name="Evaluate" library="BuiltIn">
<var>${chrome_options}</var>
<arg>sys.modules['selenium.webdriver'].ChromeOptions()</arg>
<arg>sys,selenium.webdriver</arg>
<doc>Evaluates the given expression in Python and returns the result.</doc>
<msg timestamp="20220823 08:54:33.002" level="INFO">${chrome_options} = &lt;selenium.webdriver.chrome.options.Options object at 0x000002865BE5EAF0&gt;</msg>
<status status="PASS" starttime="20220823 08:54:33.002" endtime="20220823 08:54:33.024"/>
</kw>
<kw name="Call Method" library="BuiltIn">
<arg>${chrome_options}</arg>
<arg>add_argument</arg>
<arg>ignore-certificate-errors</arg>
<doc>Calls the named method of the given object with the provided arguments.</doc>
<status status="PASS" starttime="20220823 08:54:33.024" endtime="20220823 08:54:33.025"/>
</kw>
<kw name="Call Method" library="BuiltIn">
<arg>${chrome_options}</arg>
<arg>add_argument</arg>
<arg>--start-maximized</arg>
<doc>Calls the named method of the given object with the provided arguments.</doc>
<status status="PASS" starttime="20220823 08:54:33.025" endtime="20220823 08:54:33.026"/>
</kw>
<kw name="Call Method" library="BuiltIn">
<var>${chrome_options}</var>
<arg>${chrome_options}</arg>
<arg>to_capabilities</arg>
<doc>Calls the named method of the given object with the provided arguments.</doc>
<msg timestamp="20220823 08:54:33.027" level="INFO">${chrome_options} = {'browserName': 'chrome', 'pageLoadStrategy': 'normal', 'goog:chromeOptions': {'extensions': [], 'args': ['ignore-certificate-errors', '--start-maximized']}}</msg>
<status status="PASS" starttime="20220823 08:54:33.026" endtime="20220823 08:54:33.027"/>
</kw>
<kw name="Open Browser" library="SeleniumLibrary">
<arg>${url}</arg>
<arg>chrome</arg>
<arg>desired_capabilities=${chrome_options}</arg>
<doc>Opens a new browser instance to the optional ``url``.</doc>
<msg timestamp="20220823 08:54:33.030" level="INFO">Opening browser 'chrome' to base url 'https://www.globalsqa.com/angularJs-protractor/BankingProject/#/login'.</msg>
<status status="PASS" starttime="20220823 08:54:33.028" endtime="20220823 08:54:36.918"/>
</kw>
<kw name="Maximize Browser Window" library="SeleniumLibrary">
<doc>Maximizes current browser window.</doc>
<status status="PASS" starttime="20220823 08:54:36.919" endtime="20220823 08:54:37.057"/>
</kw>
<status status="PASS" starttime="20220823 08:54:33.002" endtime="20220823 08:54:37.058"/>
</kw>
<status status="PASS" starttime="20220823 08:54:33.002" endtime="20220823 08:54:37.058"/>
</kw>
<status status="PASS" starttime="20220823 08:54:33.002" endtime="20220823 08:54:37.058"/>
</kw>
<kw name="Select Bank Manager Login" library="GlobalSQA_MainHome">
<kw name="Press A Button/Element" library="common">
<arg>${BankManagerButton}</arg>
<kw name="Wait For Element" library="common">
<arg>${Locator}</arg>
<kw name="Wait Until Page Loads" library="common">
<kw name="Wait Until Keyword Succeeds" library="BuiltIn">
<arg>5x</arg>
<arg>1s</arg>
<arg>Wait For Condition</arg>
<arg>return document.readyState === 'complete'</arg>
<arg>${Timeout}</arg>
<doc>Runs the specified keyword and retries if it fails.</doc>
<kw name="Wait For Condition" library="SeleniumLibrary">
<arg>return document.readyState === 'complete'</arg>
<arg>${Timeout}</arg>
<doc>Waits until ``condition`` is true or ``timeout`` expires.</doc>
<status status="PASS" starttime="20220823 08:54:37.064" endtime="20220823 08:54:37.075"/>
</kw>
<status status="PASS" starttime="20220823 08:54:37.063" endtime="20220823 08:54:37.075"/>
</kw>
<status status="PASS" starttime="20220823 08:54:37.062" endtime="20220823 08:54:37.076"/>
</kw>
<kw name="Wait Until Page Contains Element" library="SeleniumLibrary">
<arg>${Locator}</arg>
<arg>${Timeout}</arg>
<doc>Waits until the element ``locator`` appears on the current page.</doc>
<status status="PASS" starttime="20220823 08:54:37.076" endtime="20220823 08:54:37.523"/>
</kw>
<kw name="Wait Until Element Is Visible" library="SeleniumLibrary">
<arg>${Locator}</arg>
<arg>${Timeout}</arg>
<doc>Waits until the element ``locator`` is visible.</doc>
<status status="PASS" starttime="20220823 08:54:37.523" endtime="20220823 08:54:37.558"/>
</kw>
<kw name="Wait Until Element Is Enabled" library="SeleniumLibrary">
<arg>${Locator}</arg>
<arg>${Timeout}</arg>
<doc>Waits until the element ``locator`` is enabled.</doc>
<status status="PASS" starttime="20220823 08:54:37.559" endtime="20220823 08:54:37.590"/>
</kw>
<status status="PASS" starttime="20220823 08:54:37.061" endtime="20220823 08:54:37.590"/>
</kw>
<kw name="Click Element" library="SeleniumLibrary">
<arg>${Locator}</arg>
<doc>Click the element identified by ``locator``.</doc>
<msg timestamp="20220823 08:54:37.590" level="INFO">Clicking element '//*[contains(text(),'Bank Manager Login')]'.</msg>
<status status="PASS" starttime="20220823 08:54:37.590" endtime="20220823 08:54:37.664"/>
</kw>
<status status="PASS" starttime="20220823 08:54:37.060" endtime="20220823 08:54:37.664"/>
</kw>
<kw name="Wait For Element" library="common">
<arg>${AddCustomerButton}</arg>
<kw name="Wait Until Page Loads" library="common">
<kw name="Wait Until Keyword Succeeds" library="BuiltIn">
<arg>5x</arg>
<arg>1s</arg>
<arg>Wait For Condition</arg>
<arg>return document.readyState === 'complete'</arg>
<arg>${Timeout}</arg>
<doc>Runs the specified keyword and retries if it fails.</doc>
<kw name="Wait For Condition" library="SeleniumLibrary">
<arg>return document.readyState === 'complete'</arg>
<arg>${Timeout}</arg>
<doc>Waits until ``condition`` is true or ``timeout`` expires.</doc>
<status status="PASS" starttime="20220823 08:54:37.676" endtime="20220823 08:54:37.683"/>
</kw>
<status status="PASS" starttime="20220823 08:54:37.674" endtime="20220823 08:54:37.683"/>
</kw>
<status status="PASS" starttime="20220823 08:54:37.673" endtime="20220823 08:54:37.683"/>
</kw>
<kw name="Wait Until Page Contains Element" library="SeleniumLibrary">
<arg>${Locator}</arg>
<arg>${Timeout}</arg>
<doc>Waits until the element ``locator`` appears on the current page.</doc>
<status status="PASS" starttime="20220823 08:54:37.683" endtime="20220823 08:54:37.913"/>
</kw>
<kw name="Wait Until Element Is Visible" library="SeleniumLibrary">
<arg>${Locator}</arg>
<arg>${Timeout}</arg>
<doc>Waits until the element ``locator`` is visible.</doc>
<status status="PASS" starttime="20220823 08:54:37.914" endtime="20220823 08:54:37.939"/>
</kw>
<kw name="Wait Until Element Is Enabled" library="SeleniumLibrary">
<arg>${Locator}</arg>
<arg>${Timeout}</arg>
<doc>Waits until the element ``locator`` is enabled.</doc>
<status status="PASS" starttime="20220823 08:54:37.939" endtime="20220823 08:54:37.973"/>
</kw>
<status status="PASS" starttime="20220823 08:54:37.664" endtime="20220823 08:54:37.973"/>
</kw>
<kw name="Wait For Element" library="common">
<arg>${OpenAccountButton}</arg>
<kw name="Wait Until Page Loads" library="common">
<kw name="Wait Until Keyword Succeeds" library="BuiltIn">
<arg>5x</arg>
<arg>1s</arg>
<arg>Wait For Condition</arg>
<arg>return document.readyState === 'complete'</arg>
<arg>${Timeout}</arg>
<doc>Runs the specified keyword and retries if it fails.</doc>
<kw name="Wait For Condition" library="SeleniumLibrary">
<arg>return document.readyState === 'complete'</arg>
<arg>${Timeout}</arg>
<doc>Waits until ``condition`` is true or ``timeout`` expires.</doc>
<status status="PASS" starttime="20220823 08:54:37.973" endtime="20220823 08:54:37.973"/>
</kw>
<status status="PASS" starttime="20220823 08:54:37.973" endtime="20220823 08:54:37.973"/>
</kw>
<status status="PASS" starttime="20220823 08:54:37.973" endtime="20220823 08:54:37.973"/>
</kw>
<kw name="Wait Until Page Contains Element" library="SeleniumLibrary">
<arg>${Locator}</arg>
<arg>${Timeout}</arg>
<doc>Waits until the element ``locator`` appears on the current page.</doc>
<status status="PASS" starttime="20220823 08:54:37.973" endtime="20220823 08:54:37.989"/>
</kw>
<kw name="Wait Until Element Is Visible" library="SeleniumLibrary">
<arg>${Locator}</arg>
<arg>${Timeout}</arg>
<doc>Waits until the element ``locator`` is visible.</doc>
<status status="PASS" starttime="20220823 08:54:37.989" endtime="20220823 08:54:38.020"/>
</kw>
<kw name="Wait Until Element Is Enabled" library="SeleniumLibrary">
<arg>${Locator}</arg>
<arg>${Timeout}</arg>
<doc>Waits until the element ``locator`` is enabled.</doc>
<status status="PASS" starttime="20220823 08:54:38.020" endtime="20220823 08:54:38.054"/>
</kw>
<status status="PASS" starttime="20220823 08:54:37.973" endtime="20220823 08:54:38.054"/>
</kw>
<kw name="Wait For Element" library="common">
<arg>${CustomerButton_BMP}</arg>
<kw name="Wait Until Page Loads" library="common">
<kw name="Wait Until Keyword Succeeds" library="BuiltIn">
<arg>5x</arg>
<arg>1s</arg>
<arg>Wait For Condition</arg>
<arg>return document.readyState === 'complete'</arg>
<arg>${Timeout}</arg>
<doc>Runs the specified keyword and retries if it fails.</doc>
<kw name="Wait For Condition" library="SeleniumLibrary">
<arg>return document.readyState === 'complete'</arg>
<arg>${Timeout}</arg>
<doc>Waits until ``condition`` is true or ``timeout`` expires.</doc>
<status status="PASS" starttime="20220823 08:54:38.056" endtime="20220823 08:54:38.056"/>
</kw>
<status status="PASS" starttime="20220823 08:54:38.056" endtime="20220823 08:54:38.056"/>
</kw>
<status status="PASS" starttime="20220823 08:54:38.055" endtime="20220823 08:54:38.056"/>
</kw>
<kw name="Wait Until Page Contains Element" library="SeleniumLibrary">
<arg>${Locator}</arg>
<arg>${Timeout}</arg>
<doc>Waits until the element ``locator`` appears on the current page.</doc>
<status status="PASS" starttime="20220823 08:54:38.056" endtime="20220823 08:54:38.072"/>
</kw>
<kw name="Wait Until Element Is Visible" library="SeleniumLibrary">
<arg>${Locator}</arg>
<arg>${Timeout}</arg>
<doc>Waits until the element ``locator`` is visible.</doc>
<status status="PASS" starttime="20220823 08:54:38.072" endtime="20220823 08:54:38.106"/>
</kw>
<kw name="Wait Until Element Is Enabled" library="SeleniumLibrary">
<arg>${Locator}</arg>
<arg>${Timeout}</arg>
<doc>Waits until the element ``locator`` is enabled.</doc>
<status status="PASS" starttime="20220823 08:54:38.106" endtime="20220823 08:54:38.124"/>
</kw>
<status status="PASS" starttime="20220823 08:54:38.054" endtime="20220823 08:54:38.124"/>
</kw>
<status status="PASS" starttime="20220823 08:54:37.059" endtime="20220823 08:54:38.124"/>
</kw>
<kw name="Add Customer" library="GlobalSQA_Manager_HomePage">
<kw name="Press A Button/Element" library="common">
<arg>${AddCustomerButton}</arg>
<kw name="Wait For Element" library="common">
<arg>${Locator}</arg>
<kw name="Wait Until Page Loads" library="common">
<kw name="Wait Until Keyword Succeeds" library="BuiltIn">
<arg>5x</arg>
<arg>1s</arg>
<arg>Wait For Condition</arg>
<arg>return document.readyState === 'complete'</arg>
<arg>${Timeout}</arg>
<doc>Runs the specified keyword and retries if it fails.</doc>
<kw name="Wait For Condition" library="SeleniumLibrary">
<arg>return document.readyState === 'complete'</arg>
<arg>${Timeout}</arg>
<doc>Waits until ``condition`` is true or ``timeout`` expires.</doc>
<status status="PASS" starttime="20220823 08:54:38.143" endtime="20220823 08:54:38.148"/>
</kw>
<status status="PASS" starttime="20220823 08:54:38.142" endtime="20220823 08:54:38.148"/>
</kw>
<status status="PASS" starttime="20220823 08:54:38.142" endtime="20220823 08:54:38.148"/>
</kw>
<kw name="Wait Until Page Contains Element" library="SeleniumLibrary">
<arg>${Locator}</arg>
<arg>${Timeout}</arg>
<doc>Waits until the element ``locator`` appears on the current page.</doc>
<status status="PASS" starttime="20220823 08:54:38.148" endtime="20220823 08:54:38.159"/>
</kw>
<kw name="Wait Until Element Is Visible" library="SeleniumLibrary">
<arg>${Locator}</arg>
<arg>${Timeout}</arg>
<doc>Waits until the element ``locator`` is visible.</doc>
<status status="PASS" starttime="20220823 08:54:38.159" endtime="20220823 08:54:38.185"/>
</kw>
<kw name="Wait Until Element Is Enabled" library="SeleniumLibrary">
<arg>${Locator}</arg>
<arg>${Timeout}</arg>
<doc>Waits until the element ``locator`` is enabled.</doc>
<status status="PASS" starttime="20220823 08:54:38.185" endtime="20220823 08:54:38.218"/>
</kw>
<status status="PASS" starttime="20220823 08:54:38.141" endtime="20220823 08:54:38.219"/>
</kw>
<kw name="Click Element" library="SeleniumLibrary">
<arg>${Locator}</arg>
<doc>Click the element identified by ``locator``.</doc>
<msg timestamp="20220823 08:54:38.220" level="INFO">Clicking element '//*[contains(text(),'Add Customer')]'.</msg>
<status status="PASS" starttime="20220823 08:54:38.219" endtime="20220823 08:54:38.285"/>
</kw>
<status status="PASS" starttime="20220823 08:54:38.140" endtime="20220823 08:54:38.285"/>
</kw>
<kw name="Input in Textbox" library="common">
<arg>${FirstNameInput}</arg>
<arg>${Add_FirstName}</arg>
<kw name="Wait For Element" library="common">
<arg>${Locator}</arg>
<kw name="Wait Until Page Loads" library="common">
<kw name="Wait Until Keyword Succeeds" library="BuiltIn">
<arg>5x</arg>
<arg>1s</arg>
<arg>Wait For Condition</arg>
<arg>return document.readyState === 'complete'</arg>
<arg>${Timeout}</arg>
<doc>Runs the specified keyword and retries if it fails.</doc>
<kw name="Wait For Condition" library="SeleniumLibrary">
<arg>return document.readyState === 'complete'</arg>
<arg>${Timeout}</arg>
<doc>Waits until ``condition`` is true or ``timeout`` expires.</doc>
<status status="PASS" starttime="20220823 08:54:38.289" endtime="20220823 08:54:38.297"/>
</kw>
<status status="PASS" starttime="20220823 08:54:38.288" endtime="20220823 08:54:38.297"/>
</kw>
<status status="PASS" starttime="20220823 08:54:38.287" endtime="20220823 08:54:38.298"/>
</kw>
<kw name="Wait Until Page Contains Element" library="SeleniumLibrary">
<arg>${Locator}</arg>
<arg>${Timeout}</arg>
<doc>Waits until the element ``locator`` appears on the current page.</doc>
<status status="PASS" starttime="20220823 08:54:38.298" endtime="20220823 08:54:38.534"/>
</kw>
<kw name="Wait Until Element Is Visible" library="SeleniumLibrary">
<arg>${Locator}</arg>
<arg>${Timeout}</arg>
<doc>Waits until the element ``locator`` is visible.</doc>
<status status="PASS" starttime="20220823 08:54:38.535" endtime="20220823 08:54:38.555"/>
</kw>
<kw name="Wait Until Element Is Enabled" library="SeleniumLibrary">
<arg>${Locator}</arg>
<arg>${Timeout}</arg>
<doc>Waits until the element ``locator`` is enabled.</doc>
<status status="PASS" starttime="20220823 08:54:38.555" endtime="20220823 08:54:38.602"/>
</kw>
<status status="PASS" starttime="20220823 08:54:38.287" endtime="20220823 08:54:38.602"/>
</kw>
<kw name="Input Text" library="SeleniumLibrary">
<arg>${Locator}</arg>
<arg>${text}</arg>
<doc>Types the given ``text`` into the text field identified by ``locator``.</doc>
<msg timestamp="20220823 08:54:38.602" level="INFO">Typing text 'Water' into text field '//*[@placeholder='First Name']'.</msg>
<status status="PASS" starttime="20220823 08:54:38.602" endtime="20220823 08:54:38.802"/>
</kw>
<status status="PASS" starttime="20220823 08:54:38.285" endtime="20220823 08:54:38.802"/>
</kw>
<kw name="Input in Textbox" library="common">
<arg>${LastNameInput}</arg>
<arg>${Add_LastName}</arg>
<kw name="Wait For Element" library="common">
<arg>${Locator}</arg>
<kw name="Wait Until Page Loads" library="common">
<kw name="Wait Until Keyword Succeeds" library="BuiltIn">
<arg>5x</arg>
<arg>1s</arg>
<arg>Wait For Condition</arg>
<arg>return document.readyState === 'complete'</arg>
<arg>${Timeout}</arg>
<doc>Runs the specified keyword and retries if it fails.</doc>
<kw name="Wait For Condition" library="SeleniumLibrary">
<arg>return document.readyState === 'complete'</arg>
<arg>${Timeout}</arg>
<doc>Waits until ``condition`` is true or ``timeout`` expires.</doc>
<status status="PASS" starttime="20220823 08:54:38.818" endtime="20220823 08:54:38.834"/>
</kw>
<status status="PASS" starttime="20220823 08:54:38.818" endtime="20220823 08:54:38.834"/>
</kw>
<status status="PASS" starttime="20220823 08:54:38.818" endtime="20220823 08:54:38.834"/>
</kw>
<kw name="Wait Until Page Contains Element" library="SeleniumLibrary">
<arg>${Locator}</arg>
<arg>${Timeout}</arg>
<doc>Waits until the element ``locator`` appears on the current page.</doc>
<status status="PASS" starttime="20220823 08:54:38.834" endtime="20220823 08:54:38.849"/>
</kw>
<kw name="Wait Until Element Is Visible" library="SeleniumLibrary">
<arg>${Locator}</arg>
<arg>${Timeout}</arg>
<doc>Waits until the element ``locator`` is visible.</doc>
<status status="PASS" starttime="20220823 08:54:38.849" endtime="20220823 08:54:38.896"/>
</kw>
<kw name="Wait Until Element Is Enabled" library="SeleniumLibrary">
<arg>${Locator}</arg>
<arg>${Timeout}</arg>
<doc>Waits until the element ``locator`` is enabled.</doc>
<status status="PASS" starttime="20220823 08:54:38.896" endtime="20220823 08:54:38.943"/>
</kw>
<status status="PASS" starttime="20220823 08:54:38.818" endtime="20220823 08:54:38.943"/>
</kw>
<kw name="Input Text" library="SeleniumLibrary">
<arg>${Locator}</arg>
<arg>${text}</arg>
<doc>Types the given ``text`` into the text field identified by ``locator``.</doc>
<msg timestamp="20220823 08:54:38.959" level="INFO">Typing text 'Bender' into text field '//*[@placeholder='Last Name']'.</msg>
<status status="PASS" starttime="20220823 08:54:38.943" endtime="20220823 08:54:39.156"/>
</kw>
<status status="PASS" starttime="20220823 08:54:38.802" endtime="20220823 08:54:39.156"/>
</kw>
<kw name="Input in Textbox" library="common">
<arg>${PostCodeInput}</arg>
<arg>${Add_PostCode}</arg>
<kw name="Wait For Element" library="common">
<arg>${Locator}</arg>
<kw name="Wait Until Page Loads" library="common">
<kw name="Wait Until Keyword Succeeds" library="BuiltIn">
<arg>5x</arg>
<arg>1s</arg>
<arg>Wait For Condition</arg>
<arg>return document.readyState === 'complete'</arg>
<arg>${Timeout}</arg>
<doc>Runs the specified keyword and retries if it fails.</doc>
<kw name="Wait For Condition" library="SeleniumLibrary">
<arg>return document.readyState === 'complete'</arg>
<arg>${Timeout}</arg>
<doc>Waits until ``condition`` is true or ``timeout`` expires.</doc>
<status status="PASS" starttime="20220823 08:54:39.162" endtime="20220823 08:54:39.169"/>
</kw>
<status status="PASS" starttime="20220823 08:54:39.161" endtime="20220823 08:54:39.170"/>
</kw>
<status status="PASS" starttime="20220823 08:54:39.160" endtime="20220823 08:54:39.170"/>
</kw>
<kw name="Wait Until Page Contains Element" library="SeleniumLibrary">
<arg>${Locator}</arg>
<arg>${Timeout}</arg>
<doc>Waits until the element ``locator`` appears on the current page.</doc>
<status status="PASS" starttime="20220823 08:54:39.171" endtime="20220823 08:54:39.190"/>
</kw>
<kw name="Wait Until Element Is Visible" library="SeleniumLibrary">
<arg>${Locator}</arg>
<arg>${Timeout}</arg>
<doc>Waits until the element ``locator`` is visible.</doc>
<status status="PASS" starttime="20220823 08:54:39.190" endtime="20220823 08:54:39.235"/>
</kw>
<kw name="Wait Until Element Is Enabled" library="SeleniumLibrary">
<arg>${Locator}</arg>
<arg>${Timeout}</arg>
<doc>Waits until the element ``locator`` is enabled.</doc>
<status status="PASS" starttime="20220823 08:54:39.236" endtime="20220823 08:54:39.271"/>
</kw>
<status status="PASS" starttime="20220823 08:54:39.158" endtime="20220823 08:54:39.271"/>
</kw>
<kw name="Input Text" library="SeleniumLibrary">
<arg>${Locator}</arg>
<arg>${text}</arg>
<doc>Types the given ``text`` into the text field identified by ``locator``.</doc>
<msg timestamp="20220823 08:54:39.271" level="INFO">Typing text '1023' into text field '//*[@placeholder='Post Code']'.</msg>
<status status="PASS" starttime="20220823 08:54:39.271" endtime="20220823 08:54:39.502"/>
</kw>
<status status="PASS" starttime="20220823 08:54:39.157" endtime="20220823 08:54:39.503"/>
</kw>
<kw name="Press A Button/Element" library="common">
<arg>${Manager_ConfirmAddAccButton}</arg>
<kw name="Wait For Element" library="common">
<arg>${Locator}</arg>
<kw name="Wait Until Page Loads" library="common">
<kw name="Wait Until Keyword Succeeds" library="BuiltIn">
<arg>5x</arg>
<arg>1s</arg>
<arg>Wait For Condition</arg>
<arg>return document.readyState === 'complete'</arg>
<arg>${Timeout}</arg>
<doc>Runs the specified keyword and retries if it fails.</doc>
<kw name="Wait For Condition" library="SeleniumLibrary">
<arg>return document.readyState === 'complete'</arg>
<arg>${Timeout}</arg>
<doc>Waits until ``condition`` is true or ``timeout`` expires.</doc>
<status status="PASS" starttime="20220823 08:54:39.507" endtime="20220823 08:54:39.514"/>
</kw>
<status status="PASS" starttime="20220823 08:54:39.507" endtime="20220823 08:54:39.515"/>
</kw>
<status status="PASS" starttime="20220823 08:54:39.506" endtime="20220823 08:54:39.515"/>
</kw>
<kw name="Wait Until Page Contains Element" library="SeleniumLibrary">
<arg>${Locator}</arg>
<arg>${Timeout}</arg>
<doc>Waits until the element ``locator`` appears on the current page.</doc>
<status status="PASS" starttime="20220823 08:54:39.515" endtime="20220823 08:54:39.544"/>
</kw>
<kw name="Wait Until Element Is Visible" library="SeleniumLibrary">
<arg>${Locator}</arg>
<arg>${Timeout}</arg>
<doc>Waits until the element ``locator`` is visible.</doc>
<status status="PASS" starttime="20220823 08:54:39.544" endtime="20220823 08:54:39.576"/>
</kw>
<kw name="Wait Until Element Is Enabled" library="SeleniumLibrary">
<arg>${Locator}</arg>
<arg>${Timeout}</arg>
<doc>Waits until the element ``locator`` is enabled.</doc>
<status status="PASS" starttime="20220823 08:54:39.576" endtime="20220823 08:54:39.632"/>
</kw>
<status status="PASS" starttime="20220823 08:54:39.505" endtime="20220823 08:54:39.633"/>
</kw>
<kw name="Click Element" library="SeleniumLibrary">
<arg>${Locator}</arg>
<doc>Click the element identified by ``locator``.</doc>
<msg timestamp="20220823 08:54:39.634" level="INFO">Clicking element '//*[@type='submit' and contains(text(),'Add Customer')]'.</msg>
<status status="PASS" starttime="20220823 08:54:39.633" endtime="20220823 08:54:39.719"/>
</kw>
<status status="PASS" starttime="20220823 08:54:39.503" endtime="20220823 08:54:39.719"/>
</kw>
<status status="PASS" starttime="20220823 08:54:38.140" endtime="20220823 08:54:39.720"/>
</kw>
<kw name="Open Account" library="GlobalSQA_Manager_HomePage">
<kw name="Press A Button/Element" library="common">
<arg>${OpenAccountButton}</arg>
<kw name="Wait For Element" library="common">
<arg>${Locator}</arg>
<kw name="Wait Until Page Loads" library="common">
<kw name="Wait Until Keyword Succeeds" library="BuiltIn">
<arg>5x</arg>
<arg>1s</arg>
<arg>Wait For Condition</arg>
<arg>return document.readyState === 'complete'</arg>
<arg>${Timeout}</arg>
<doc>Runs the specified keyword and retries if it fails.</doc>
<kw name="Wait For Condition" library="SeleniumLibrary">
<arg>return document.readyState === 'complete'</arg>
<arg>${Timeout}</arg>
<doc>Waits until ``condition`` is true or ``timeout`` expires.</doc>
<msg timestamp="20220823 08:54:40.067" level="INFO" html="true">&lt;/td&gt;&lt;/tr&gt;&lt;tr&gt;&lt;td colspan="3"&gt;&lt;a href="selenium-screenshot-1.png"&gt;&lt;img src="selenium-screenshot-1.png" width="800px"&gt;&lt;/a&gt;</msg>
<msg timestamp="20220823 08:54:40.067" level="FAIL">UnexpectedAlertPresentException: Alert Text: Customer added successfully with customer id :6
Message: unexpected alert open: {Alert text : Customer added successfully with customer id :6}
  (Session info: chrome=104.0.5112.82)
Stacktrace:
Backtrace:
	Ordinal0 [0x011278B3+2193587]
	Ordinal0 [0x010C0681+1771137]
	Ordinal0 [0x00FD41A8+803240]
	Ordinal0 [0x0102D952+1169746]
	Ordinal0 [0x0101D5C6+1103302]
	Ordinal0 [0x00FF77E0+948192]
	Ordinal0 [0x00FF86E6+952038]
	GetHandleVerifier [0x013D0CB2+2738370]
	GetHandleVerifier [0x013C21B8+2678216]
	GetHandleVerifier [0x011B17AA+512954]
	GetHandleVerifier [0x011B0856+509030]
	Ordinal0 [0x010C743B+1799227]
	Ordinal0 [0x010CBB68+1817448]
	Ordinal0 [0x010CBC55+1817685]
	Ordinal0 [0x010D5230+1856048]
	BaseThreadInitThunk [0x7649FA29+25]
	RtlGetAppContainerNamedObjectPath [0x77D17A9E+286]
	RtlGetAppContainerNamedObjectPath [0x77D17A6E+238]
</msg>
<status status="FAIL" starttime="20220823 08:54:39.738" endtime="20220823 08:54:40.083"/>
</kw>
<kw name="Wait For Condition" library="SeleniumLibrary">
<arg>return document.readyState === 'complete'</arg>
<arg>${Timeout}</arg>
<doc>Waits until ``condition`` is true or ``timeout`` expires.</doc>
<status status="PASS" starttime="20220823 08:54:41.093" endtime="20220823 08:54:41.093"/>
</kw>
<status status="PASS" starttime="20220823 08:54:39.737" endtime="20220823 08:54:41.093"/>
</kw>
<status status="PASS" starttime="20220823 08:54:39.735" endtime="20220823 08:54:41.093"/>
</kw>
<kw name="Wait Until Page Contains Element" library="SeleniumLibrary">
<arg>${Locator}</arg>
<arg>${Timeout}</arg>
<doc>Waits until the element ``locator`` appears on the current page.</doc>
<status status="PASS" starttime="20220823 08:54:41.093" endtime="20220823 08:54:41.109"/>
</kw>
<kw name="Wait Until Element Is Visible" library="SeleniumLibrary">
<arg>${Locator}</arg>
<arg>${Timeout}</arg>
<doc>Waits until the element ``locator`` is visible.</doc>
<status status="PASS" starttime="20220823 08:54:41.109" endtime="20220823 08:54:41.140"/>
</kw>
<kw name="Wait Until Element Is Enabled" library="SeleniumLibrary">
<arg>${Locator}</arg>
<arg>${Timeout}</arg>
<doc>Waits until the element ``locator`` is enabled.</doc>
<status status="PASS" starttime="20220823 08:54:41.140" endtime="20220823 08:54:41.185"/>
</kw>
<status status="PASS" starttime="20220823 08:54:39.733" endtime="20220823 08:54:41.186"/>
</kw>
<kw name="Click Element" library="SeleniumLibrary">
<arg>${Locator}</arg>
<doc>Click the element identified by ``locator``.</doc>
<msg timestamp="20220823 08:54:41.187" level="INFO">Clicking element '//*[contains(text(),'Open Account')]'.</msg>
<status status="PASS" starttime="20220823 08:54:41.186" endtime="20220823 08:54:41.273"/>
</kw>
<status status="PASS" starttime="20220823 08:54:39.732" endtime="20220823 08:54:41.274"/>
</kw>
<kw name="Press A Button/Element" library="common">
<arg>${CustomerAccountDropDownActivate}</arg>
<kw name="Wait For Element" library="common">
<arg>${Locator}</arg>
<kw name="Wait Until Page Loads" library="common">
<kw name="Wait Until Keyword Succeeds" library="BuiltIn">
<arg>5x</arg>
<arg>1s</arg>
<arg>Wait For Condition</arg>
<arg>return document.readyState === 'complete'</arg>
<arg>${Timeout}</arg>
<doc>Runs the specified keyword and retries if it fails.</doc>
<kw name="Wait For Condition" library="SeleniumLibrary">
<arg>return document.readyState === 'complete'</arg>
<arg>${Timeout}</arg>
<doc>Waits until ``condition`` is true or ``timeout`` expires.</doc>
<status status="PASS" starttime="20220823 08:54:41.278" endtime="20220823 08:54:41.284"/>
</kw>
<status status="PASS" starttime="20220823 08:54:41.277" endtime="20220823 08:54:41.285"/>
</kw>
<status status="PASS" starttime="20220823 08:54:41.276" endtime="20220823 08:54:41.285"/>
</kw>
<kw name="Wait Until Page Contains Element" library="SeleniumLibrary">
<arg>${Locator}</arg>
<arg>${Timeout}</arg>
<doc>Waits until the element ``locator`` appears on the current page.</doc>
<status status="PASS" starttime="20220823 08:54:41.285" endtime="20220823 08:54:41.526"/>
</kw>
<kw name="Wait Until Element Is Visible" library="SeleniumLibrary">
<arg>${Locator}</arg>
<arg>${Timeout}</arg>
<doc>Waits until the element ``locator`` is visible.</doc>
<status status="PASS" starttime="20220823 08:54:41.527" endtime="20220823 08:54:41.560"/>
</kw>
<kw name="Wait Until Element Is Enabled" library="SeleniumLibrary">
<arg>${Locator}</arg>
<arg>${Timeout}</arg>
<doc>Waits until the element ``locator`` is enabled.</doc>
<status status="PASS" starttime="20220823 08:54:41.561" endtime="20220823 08:54:41.616"/>
</kw>
<status status="PASS" starttime="20220823 08:54:41.275" endtime="20220823 08:54:41.617"/>
</kw>
<kw name="Click Element" library="SeleniumLibrary">
<arg>${Locator}</arg>
<doc>Click the element identified by ``locator``.</doc>
<msg timestamp="20220823 08:54:41.618" level="INFO">Clicking element '//*[@id='userSelect']'.</msg>
<status status="PASS" starttime="20220823 08:54:41.617" endtime="20220823 08:54:41.748"/>
</kw>
<status status="PASS" starttime="20220823 08:54:41.274" endtime="20220823 08:54:41.751"/>
</kw>
<kw name="Press A Button/Element" library="common">
<arg>${CustomerAccountSelect}</arg>
<kw name="Wait For Element" library="common">
<arg>${Locator}</arg>
<kw name="Wait Until Page Loads" library="common">
<kw name="Wait Until Keyword Succeeds" library="BuiltIn">
<arg>5x</arg>
<arg>1s</arg>
<arg>Wait For Condition</arg>
<arg>return document.readyState === 'complete'</arg>
<arg>${Timeout}</arg>
<doc>Runs the specified keyword and retries if it fails.</doc>
<kw name="Wait For Condition" library="SeleniumLibrary">
<arg>return document.readyState === 'complete'</arg>
<arg>${Timeout}</arg>
<doc>Waits until ``condition`` is true or ``timeout`` expires.</doc>
<status status="PASS" starttime="20220823 08:54:41.759" endtime="20220823 08:54:41.787"/>
</kw>
<status status="PASS" starttime="20220823 08:54:41.758" endtime="20220823 08:54:41.787"/>
</kw>
<status status="PASS" starttime="20220823 08:54:41.757" endtime="20220823 08:54:41.788"/>
</kw>
<kw name="Wait Until Page Contains Element" library="SeleniumLibrary">
<arg>${Locator}</arg>
<arg>${Timeout}</arg>
<doc>Waits until the element ``locator`` appears on the current page.</doc>
<status status="PASS" starttime="20220823 08:54:41.788" endtime="20220823 08:54:41.810"/>
</kw>
<kw name="Wait Until Element Is Visible" library="SeleniumLibrary">
<arg>${Locator}</arg>
<arg>${Timeout}</arg>
<doc>Waits until the element ``locator`` is visible.</doc>
<status status="PASS" starttime="20220823 08:54:41.811" endtime="20220823 08:54:41.848"/>
</kw>
<kw name="Wait Until Element Is Enabled" library="SeleniumLibrary">
<arg>${Locator}</arg>
<arg>${Timeout}</arg>
<doc>Waits until the element ``locator`` is enabled.</doc>
<status status="PASS" starttime="20220823 08:54:41.848" endtime="20220823 08:54:41.899"/>
</kw>
<status status="PASS" starttime="20220823 08:54:41.754" endtime="20220823 08:54:41.900"/>
</kw>
<kw name="Click Element" library="SeleniumLibrary">
<arg>${Locator}</arg>
<doc>Click the element identified by ``locator``.</doc>
<msg timestamp="20220823 08:54:41.900" level="INFO">Clicking element '//*[contains(text(),'Water Bender')]'.</msg>
<status status="PASS" starttime="20220823 08:54:41.900" endtime="20220823 08:54:41.952"/>
</kw>
<status status="PASS" starttime="20220823 08:54:41.752" endtime="20220823 08:54:41.953"/>
</kw>
<kw name="Press A Button/Element" library="common">
<arg>${CurrencyDropDownActivate}</arg>
<kw name="Wait For Element" library="common">
<arg>${Locator}</arg>
<kw name="Wait Until Page Loads" library="common">
<kw name="Wait Until Keyword Succeeds" library="BuiltIn">
<arg>5x</arg>
<arg>1s</arg>
<arg>Wait For Condition</arg>
<arg>return document.readyState === 'complete'</arg>
<arg>${Timeout}</arg>
<doc>Runs the specified keyword and retries if it fails.</doc>
<kw name="Wait For Condition" library="SeleniumLibrary">
<arg>return document.readyState === 'complete'</arg>
<arg>${Timeout}</arg>
<doc>Waits until ``condition`` is true or ``timeout`` expires.</doc>
<status status="PASS" starttime="20220823 08:54:41.958" endtime="20220823 08:54:41.963"/>
</kw>
<status status="PASS" starttime="20220823 08:54:41.957" endtime="20220823 08:54:41.963"/>
</kw>
<status status="PASS" starttime="20220823 08:54:41.955" endtime="20220823 08:54:41.964"/>
</kw>
<kw name="Wait Until Page Contains Element" library="SeleniumLibrary">
<arg>${Locator}</arg>
<arg>${Timeout}</arg>
<doc>Waits until the element ``locator`` appears on the current page.</doc>
<status status="PASS" starttime="20220823 08:54:41.964" endtime="20220823 08:54:41.979"/>
</kw>
<kw name="Wait Until Element Is Visible" library="SeleniumLibrary">
<arg>${Locator}</arg>
<arg>${Timeout}</arg>
<doc>Waits until the element ``locator`` is visible.</doc>
<status status="PASS" starttime="20220823 08:54:41.980" endtime="20220823 08:54:42.005"/>
</kw>
<kw name="Wait Until Element Is Enabled" library="SeleniumLibrary">
<arg>${Locator}</arg>
<arg>${Timeout}</arg>
<doc>Waits until the element ``locator`` is enabled.</doc>
<status status="PASS" starttime="20220823 08:54:42.005" endtime="20220823 08:54:42.049"/>
</kw>
<status status="PASS" starttime="20220823 08:54:41.954" endtime="20220823 08:54:42.050"/>
</kw>
<kw name="Click Element" library="SeleniumLibrary">
<arg>${Locator}</arg>
<doc>Click the element identified by ``locator``.</doc>
<msg timestamp="20220823 08:54:42.051" level="INFO">Clicking element '//*[@id='currency']'.</msg>
<status status="PASS" starttime="20220823 08:54:42.050" endtime="20220823 08:54:42.169"/>
</kw>
<status status="PASS" starttime="20220823 08:54:41.953" endtime="20220823 08:54:42.169"/>
</kw>
<kw name="Press A Button/Element" library="common">
<arg>${CurrencySelect}</arg>
<kw name="Wait For Element" library="common">
<arg>${Locator}</arg>
<kw name="Wait Until Page Loads" library="common">
<kw name="Wait Until Keyword Succeeds" library="BuiltIn">
<arg>5x</arg>
<arg>1s</arg>
<arg>Wait For Condition</arg>
<arg>return document.readyState === 'complete'</arg>
<arg>${Timeout}</arg>
<doc>Runs the specified keyword and retries if it fails.</doc>
<kw name="Wait For Condition" library="SeleniumLibrary">
<arg>return document.readyState === 'complete'</arg>
<arg>${Timeout}</arg>
<doc>Waits until ``condition`` is true or ``timeout`` expires.</doc>
<status status="PASS" starttime="20220823 08:54:42.174" endtime="20220823 08:54:42.186"/>
</kw>
<status status="PASS" starttime="20220823 08:54:42.172" endtime="20220823 08:54:42.186"/>
</kw>
<status status="PASS" starttime="20220823 08:54:42.171" endtime="20220823 08:54:42.187"/>
</kw>
<kw name="Wait Until Page Contains Element" library="SeleniumLibrary">
<arg>${Locator}</arg>
<arg>${Timeout}</arg>
<doc>Waits until the element ``locator`` appears on the current page.</doc>
<status status="PASS" starttime="20220823 08:54:42.187" endtime="20220823 08:54:42.213"/>
</kw>
<kw name="Wait Until Element Is Visible" library="SeleniumLibrary">
<arg>${Locator}</arg>
<arg>${Timeout}</arg>
<doc>Waits until the element ``locator`` is visible.</doc>
<status status="PASS" starttime="20220823 08:54:42.213" endtime="20220823 08:54:42.252"/>
</kw>
<kw name="Wait Until Element Is Enabled" library="SeleniumLibrary">
<arg>${Locator}</arg>
<arg>${Timeout}</arg>
<doc>Waits until the element ``locator`` is enabled.</doc>
<status status="PASS" starttime="20220823 08:54:42.253" endtime="20220823 08:54:42.300"/>
</kw>
<status status="PASS" starttime="20220823 08:54:42.171" endtime="20220823 08:54:42.300"/>
</kw>
<kw name="Click Element" library="SeleniumLibrary">
<arg>${Locator}</arg>
<doc>Click the element identified by ``locator``.</doc>
<msg timestamp="20220823 08:54:42.302" level="INFO">Clicking element '//*[contains(text(),'Dollar') and @value='Dollar']'.</msg>
<status status="PASS" starttime="20220823 08:54:42.301" endtime="20220823 08:54:42.357"/>
</kw>
<status status="PASS" starttime="20220823 08:54:42.170" endtime="20220823 08:54:42.358"/>
</kw>
<kw name="Press A Button/Element" library="common">
<arg>${Manager_ProcessButton}</arg>
<kw name="Wait For Element" library="common">
<arg>${Locator}</arg>
<kw name="Wait Until Page Loads" library="common">
<kw name="Wait Until Keyword Succeeds" library="BuiltIn">
<arg>5x</arg>
<arg>1s</arg>
<arg>Wait For Condition</arg>
<arg>return document.readyState === 'complete'</arg>
<arg>${Timeout}</arg>
<doc>Runs the specified keyword and retries if it fails.</doc>
<kw name="Wait For Condition" library="SeleniumLibrary">
<arg>return document.readyState === 'complete'</arg>
<arg>${Timeout}</arg>
<doc>Waits until ``condition`` is true or ``timeout`` expires.</doc>
<status status="PASS" starttime="20220823 08:54:42.361" endtime="20220823 08:54:42.366"/>
</kw>
<status status="PASS" starttime="20220823 08:54:42.360" endtime="20220823 08:54:42.367"/>
</kw>
<status status="PASS" starttime="20220823 08:54:42.360" endtime="20220823 08:54:42.367"/>
</kw>
<kw name="Wait Until Page Contains Element" library="SeleniumLibrary">
<arg>${Locator}</arg>
<arg>${Timeout}</arg>
<doc>Waits until the element ``locator`` appears on the current page.</doc>
<status status="PASS" starttime="20220823 08:54:42.367" endtime="20220823 08:54:42.385"/>
</kw>
<kw name="Wait Until Element Is Visible" library="SeleniumLibrary">
<arg>${Locator}</arg>
<arg>${Timeout}</arg>
<doc>Waits until the element ``locator`` is visible.</doc>
<status status="PASS" starttime="20220823 08:54:42.386" endtime="20220823 08:54:42.405"/>
</kw>
<kw name="Wait Until Element Is Enabled" library="SeleniumLibrary">
<arg>${Locator}</arg>
<arg>${Timeout}</arg>
<doc>Waits until the element ``locator`` is enabled.</doc>
<status status="PASS" starttime="20220823 08:54:42.405" endtime="20220823 08:54:42.452"/>
</kw>
<status status="PASS" starttime="20220823 08:54:42.359" endtime="20220823 08:54:42.452"/>
</kw>
<kw name="Click Element" library="SeleniumLibrary">
<arg>${Locator}</arg>
<doc>Click the element identified by ``locator``.</doc>
<msg timestamp="20220823 08:54:42.452" level="INFO">Clicking element '//*[@type='submit' and contains(text(),'Process')]'.</msg>
<status status="PASS" starttime="20220823 08:54:42.452" endtime="20220823 08:54:42.530"/>
</kw>
<status status="PASS" starttime="20220823 08:54:42.358" endtime="20220823 08:54:42.530"/>
</kw>
<kw name="Get New Account Number" library="GlobalSQA_Manager_HomePage">
<kw name="Handle Alert" library="SeleniumLibrary">
<var>${Response}</var>
<arg>action=ACCEPT</arg>
<doc>Handles the current alert and returns its message.</doc>
<msg timestamp="20220823 08:54:42.532" level="INFO">HANDLE::&lt;class 'NoneType'&gt;::None</msg>
<msg timestamp="20220823 08:54:42.540" level="INFO">${Response} = Account created successfully with account Number :1016</msg>
<status status="PASS" starttime="20220823 08:54:42.531" endtime="20220823 08:54:42.540"/>
</kw>
<kw name="Remove String" library="String">
<var>${NewAccountNumber}</var>
<arg>${Response}</arg>
<arg>Account created successfully with account Number :</arg>
<doc>Removes all ``removables`` from the given ``string``.</doc>
<msg timestamp="20220823 08:54:42.541" level="INFO">${NewAccountNumber} = 1016</msg>
<status status="PASS" starttime="20220823 08:54:42.540" endtime="20220823 08:54:42.541"/>
</kw>
<kw name="Log" library="BuiltIn">
<arg>${NewAccountNumber}</arg>
<doc>Logs the given message with the given level.</doc>
<msg timestamp="20220823 08:54:42.542" level="INFO">1016</msg>
<status status="PASS" starttime="20220823 08:54:42.542" endtime="20220823 08:54:42.542"/>
</kw>
<status status="PASS" starttime="20220823 08:54:42.531" endtime="20220823 08:54:42.543"/>
</kw>
<status status="PASS" starttime="20220823 08:54:39.732" endtime="20220823 08:54:42.543"/>
</kw>
<kw name="Select Home Page Button" library="GlobalSQA_MainHome">
<kw name="Press A Button/Element" library="common">
<arg>${HomePageButton}</arg>
<kw name="Wait For Element" library="common">
<arg>${Locator}</arg>
<kw name="Wait Until Page Loads" library="common">
<kw name="Wait Until Keyword Succeeds" library="BuiltIn">
<arg>5x</arg>
<arg>1s</arg>
<arg>Wait For Condition</arg>
<arg>return document.readyState === 'complete'</arg>
<arg>${Timeout}</arg>
<doc>Runs the specified keyword and retries if it fails.</doc>
<kw name="Wait For Condition" library="SeleniumLibrary">
<arg>return document.readyState === 'complete'</arg>
<arg>${Timeout}</arg>
<doc>Waits until ``condition`` is true or ``timeout`` expires.</doc>
<status status="PASS" starttime="20220823 08:54:42.554" endtime="20220823 08:54:42.570"/>
</kw>
<status status="PASS" starttime="20220823 08:54:42.553" endtime="20220823 08:54:42.570"/>
</kw>
<status status="PASS" starttime="20220823 08:54:42.552" endtime="20220823 08:54:42.571"/>
</kw>
<kw name="Wait Until Page Contains Element" library="SeleniumLibrary">
<arg>${Locator}</arg>
<arg>${Timeout}</arg>
<doc>Waits until the element ``locator`` appears on the current page.</doc>
<status status="PASS" starttime="20220823 08:54:42.571" endtime="20220823 08:54:42.595"/>
</kw>
<kw name="Wait Until Element Is Visible" library="SeleniumLibrary">
<arg>${Locator}</arg>
<arg>${Timeout}</arg>
<doc>Waits until the element ``locator`` is visible.</doc>
<status status="PASS" starttime="20220823 08:54:42.595" endtime="20220823 08:54:42.621"/>
</kw>
<kw name="Wait Until Element Is Enabled" library="SeleniumLibrary">
<arg>${Locator}</arg>
<arg>${Timeout}</arg>
<doc>Waits until the element ``locator`` is enabled.</doc>
<status status="PASS" starttime="20220823 08:54:42.621" endtime="20220823 08:54:42.668"/>
</kw>
<status status="PASS" starttime="20220823 08:54:42.550" endtime="20220823 08:54:42.669"/>
</kw>
<kw name="Click Element" library="SeleniumLibrary">
<arg>${Locator}</arg>
<doc>Click the element identified by ``locator``.</doc>
<msg timestamp="20220823 08:54:42.670" level="INFO">Clicking element '//*[contains(text(),'Home')]'.</msg>
<status status="PASS" starttime="20220823 08:54:42.669" endtime="20220823 08:54:42.747"/>
</kw>
<status status="PASS" starttime="20220823 08:54:42.549" endtime="20220823 08:54:42.748"/>
</kw>
<status status="PASS" starttime="20220823 08:54:42.547" endtime="20220823 08:54:42.749"/>
</kw>
<kw name="Select Customer Login" library="GlobalSQA_MainHome">
<kw name="Press A Button/Element" library="common">
<arg>${CustomerButton}</arg>
<kw name="Wait For Element" library="common">
<arg>${Locator}</arg>
<kw name="Wait Until Page Loads" library="common">
<kw name="Wait Until Keyword Succeeds" library="BuiltIn">
<arg>5x</arg>
<arg>1s</arg>
<arg>Wait For Condition</arg>
<arg>return document.readyState === 'complete'</arg>
<arg>${Timeout}</arg>
<doc>Runs the specified keyword and retries if it fails.</doc>
<kw name="Wait For Condition" library="SeleniumLibrary">
<arg>return document.readyState === 'complete'</arg>
<arg>${Timeout}</arg>
<doc>Waits until ``condition`` is true or ``timeout`` expires.</doc>
<status status="PASS" starttime="20220823 08:54:42.755" endtime="20220823 08:54:42.762"/>
</kw>
<status status="PASS" starttime="20220823 08:54:42.755" endtime="20220823 08:54:42.762"/>
</kw>
<status status="PASS" starttime="20220823 08:54:42.754" endtime="20220823 08:54:42.762"/>
</kw>
<kw name="Wait Until Page Contains Element" library="SeleniumLibrary">
<arg>${Locator}</arg>
<arg>${Timeout}</arg>
<doc>Waits until the element ``locator`` appears on the current page.</doc>
<status status="PASS" starttime="20220823 08:54:42.763" endtime="20220823 08:54:42.782"/>
</kw>
<kw name="Wait Until Element Is Visible" library="SeleniumLibrary">
<arg>${Locator}</arg>
<arg>${Timeout}</arg>
<doc>Waits until the element ``locator`` is visible.</doc>
<status status="PASS" starttime="20220823 08:54:42.782" endtime="20220823 08:54:42.806"/>
</kw>
<kw name="Wait Until Element Is Enabled" library="SeleniumLibrary">
<arg>${Locator}</arg>
<arg>${Timeout}</arg>
<doc>Waits until the element ``locator`` is enabled.</doc>
<status status="PASS" starttime="20220823 08:54:42.806" endtime="20220823 08:54:42.838"/>
</kw>
<status status="PASS" starttime="20220823 08:54:42.753" endtime="20220823 08:54:42.838"/>
</kw>
<kw name="Click Element" library="SeleniumLibrary">
<arg>${Locator}</arg>
<doc>Click the element identified by ``locator``.</doc>
<msg timestamp="20220823 08:54:42.838" level="INFO">Clicking element '//*[contains(text(),'Customer Login')]'.</msg>
<status status="PASS" starttime="20220823 08:54:42.838" endtime="20220823 08:54:42.911"/>
</kw>
<status status="PASS" starttime="20220823 08:54:42.752" endtime="20220823 08:54:42.911"/>
</kw>
<kw name="Wait For Element" library="common">
<arg>${CustomerPageVerify}</arg>
<kw name="Wait Until Page Loads" library="common">
<kw name="Wait Until Keyword Succeeds" library="BuiltIn">
<arg>5x</arg>
<arg>1s</arg>
<arg>Wait For Condition</arg>
<arg>return document.readyState === 'complete'</arg>
<arg>${Timeout}</arg>
<doc>Runs the specified keyword and retries if it fails.</doc>
<kw name="Wait For Condition" library="SeleniumLibrary">
<arg>return document.readyState === 'complete'</arg>
<arg>${Timeout}</arg>
<doc>Waits until ``condition`` is true or ``timeout`` expires.</doc>
<status status="PASS" starttime="20220823 08:54:42.913" endtime="20220823 08:54:42.918"/>
</kw>
<status status="PASS" starttime="20220823 08:54:42.913" endtime="20220823 08:54:42.919"/>
</kw>
<status status="PASS" starttime="20220823 08:54:42.912" endtime="20220823 08:54:42.919"/>
</kw>
<kw name="Wait Until Page Contains Element" library="SeleniumLibrary">
<arg>${Locator}</arg>
<arg>${Timeout}</arg>
<doc>Waits until the element ``locator`` appears on the current page.</doc>
<status status="PASS" starttime="20220823 08:54:42.919" endtime="20220823 08:54:43.158"/>
</kw>
<kw name="Wait Until Element Is Visible" library="SeleniumLibrary">
<arg>${Locator}</arg>
<arg>${Timeout}</arg>
<doc>Waits until the element ``locator`` is visible.</doc>
<status status="PASS" starttime="20220823 08:54:43.159" endtime="20220823 08:54:43.174"/>
</kw>
<kw name="Wait Until Element Is Enabled" library="SeleniumLibrary">
<arg>${Locator}</arg>
<arg>${Timeout}</arg>
<doc>Waits until the element ``locator`` is enabled.</doc>
<status status="PASS" starttime="20220823 08:54:43.174" endtime="20220823 08:54:43.205"/>
</kw>
<status status="PASS" starttime="20220823 08:54:42.912" endtime="20220823 08:54:43.221"/>
</kw>
<status status="PASS" starttime="20220823 08:54:42.752" endtime="20220823 08:54:43.221"/>
</kw>
<kw name="Select Customer" library="GlobalSQA_Customer_HomePage">
<kw name="Press A Button/Element" library="common">
<arg>${CustomerDropDownActiate}</arg>
<kw name="Wait For Element" library="common">
<arg>${Locator}</arg>
<kw name="Wait Until Page Loads" library="common">
<kw name="Wait Until Keyword Succeeds" library="BuiltIn">
<arg>5x</arg>
<arg>1s</arg>
<arg>Wait For Condition</arg>
<arg>return document.readyState === 'complete'</arg>
<arg>${Timeout}</arg>
<doc>Runs the specified keyword and retries if it fails.</doc>
<kw name="Wait For Condition" library="SeleniumLibrary">
<arg>return document.readyState === 'complete'</arg>
<arg>${Timeout}</arg>
<doc>Waits until ``condition`` is true or ``timeout`` expires.</doc>
<status status="PASS" starttime="20220823 08:54:43.221" endtime="20220823 08:54:43.231"/>
</kw>
<status status="PASS" starttime="20220823 08:54:43.221" endtime="20220823 08:54:43.231"/>
</kw>
<status status="PASS" starttime="20220823 08:54:43.221" endtime="20220823 08:54:43.231"/>
</kw>
<kw name="Wait Until Page Contains Element" library="SeleniumLibrary">
<arg>${Locator}</arg>
<arg>${Timeout}</arg>
<doc>Waits until the element ``locator`` appears on the current page.</doc>
<status status="PASS" starttime="20220823 08:54:43.231" endtime="20220823 08:54:43.247"/>
</kw>
<kw name="Wait Until Element Is Visible" library="SeleniumLibrary">
<arg>${Locator}</arg>
<arg>${Timeout}</arg>
<doc>Waits until the element ``locator`` is visible.</doc>
<status status="PASS" starttime="20220823 08:54:43.247" endtime="20220823 08:54:43.266"/>
</kw>
<kw name="Wait Until Element Is Enabled" library="SeleniumLibrary">
<arg>${Locator}</arg>
<arg>${Timeout}</arg>
<doc>Waits until the element ``locator`` is enabled.</doc>
<status status="PASS" starttime="20220823 08:54:43.266" endtime="20220823 08:54:43.313"/>
</kw>
<status status="PASS" starttime="20220823 08:54:43.221" endtime="20220823 08:54:43.313"/>
</kw>
<kw name="Click Element" library="SeleniumLibrary">
<arg>${Locator}</arg>
<doc>Click the element identified by ``locator``.</doc>
<msg timestamp="20220823 08:54:43.313" level="INFO">Clicking element '//*[@id='userSelect']'.</msg>
<status status="PASS" starttime="20220823 08:54:43.313" endtime="20220823 08:54:43.412"/>
</kw>
<status status="PASS" starttime="20220823 08:54:43.221" endtime="20220823 08:54:43.412"/>
</kw>
<kw name="Press A Button/Element" library="common">
<arg>${SelectName}</arg>
<kw name="Wait For Element" library="common">
<arg>${Locator}</arg>
<kw name="Wait Until Page Loads" library="common">
<kw name="Wait Until Keyword Succeeds" library="BuiltIn">
<arg>5x</arg>
<arg>1s</arg>
<arg>Wait For Condition</arg>
<arg>return document.readyState === 'complete'</arg>
<arg>${Timeout}</arg>
<doc>Runs the specified keyword and retries if it fails.</doc>
<kw name="Wait For Condition" library="SeleniumLibrary">
<arg>return document.readyState === 'complete'</arg>
<arg>${Timeout}</arg>
<doc>Waits until ``condition`` is true or ``timeout`` expires.</doc>
<status status="PASS" starttime="20220823 08:54:43.417" endtime="20220823 08:54:43.431"/>
</kw>
<status status="PASS" starttime="20220823 08:54:43.416" endtime="20220823 08:54:43.432"/>
</kw>
<status status="PASS" starttime="20220823 08:54:43.415" endtime="20220823 08:54:43.432"/>
</kw>
<kw name="Wait Until Page Contains Element" library="SeleniumLibrary">
<arg>${Locator}</arg>
<arg>${Timeout}</arg>
<doc>Waits until the element ``locator`` appears on the current page.</doc>
<status status="PASS" starttime="20220823 08:54:43.433" endtime="20220823 08:54:43.457"/>
</kw>
<kw name="Wait Until Element Is Visible" library="SeleniumLibrary">
<arg>${Locator}</arg>
<arg>${Timeout}</arg>
<doc>Waits until the element ``locator`` is visible.</doc>
<status status="PASS" starttime="20220823 08:54:43.457" endtime="20220823 08:54:43.484"/>
</kw>
<kw name="Wait Until Element Is Enabled" library="SeleniumLibrary">
<arg>${Locator}</arg>
<arg>${Timeout}</arg>
<doc>Waits until the element ``locator`` is enabled.</doc>
<status status="PASS" starttime="20220823 08:54:43.484" endtime="20220823 08:54:43.536"/>
</kw>
<status status="PASS" starttime="20220823 08:54:43.414" endtime="20220823 08:54:43.536"/>
</kw>
<kw name="Click Element" library="SeleniumLibrary">
<arg>${Locator}</arg>
<doc>Click the element identified by ``locator``.</doc>
<msg timestamp="20220823 08:54:43.537" level="INFO">Clicking element '//*[contains(text(),'Harry Potter')]'.</msg>
<status status="PASS" starttime="20220823 08:54:43.536" endtime="20220823 08:54:43.582"/>
</kw>
<status status="PASS" starttime="20220823 08:54:43.413" endtime="20220823 08:54:43.582"/>
</kw>
<kw name="Press A Button/Element" library="common">
<arg>${LoginButton}</arg>
<kw name="Wait For Element" library="common">
<arg>${Locator}</arg>
<kw name="Wait Until Page Loads" library="common">
<kw name="Wait Until Keyword Succeeds" library="BuiltIn">
<arg>5x</arg>
<arg>1s</arg>
<arg>Wait For Condition</arg>
<arg>return document.readyState === 'complete'</arg>
<arg>${Timeout}</arg>
<doc>Runs the specified keyword and retries if it fails.</doc>
<kw name="Wait For Condition" library="SeleniumLibrary">
<arg>return document.readyState === 'complete'</arg>
<arg>${Timeout}</arg>
<doc>Waits until ``condition`` is true or ``timeout`` expires.</doc>
<status status="PASS" starttime="20220823 08:54:43.586" endtime="20220823 08:54:43.596"/>
</kw>
<status status="PASS" starttime="20220823 08:54:43.585" endtime="20220823 08:54:43.597"/>
</kw>
<status status="PASS" starttime="20220823 08:54:43.584" endtime="20220823 08:54:43.597"/>
</kw>
<kw name="Wait Until Page Contains Element" library="SeleniumLibrary">
<arg>${Locator}</arg>
<arg>${Timeout}</arg>
<doc>Waits until the element ``locator`` appears on the current page.</doc>
<status status="PASS" starttime="20220823 08:54:43.598" endtime="20220823 08:54:43.615"/>
</kw>
<kw name="Wait Until Element Is Visible" library="SeleniumLibrary">
<arg>${Locator}</arg>
<arg>${Timeout}</arg>
<doc>Waits until the element ``locator`` is visible.</doc>
<status status="PASS" starttime="20220823 08:54:43.616" endtime="20220823 08:54:43.640"/>
</kw>
<kw name="Wait Until Element Is Enabled" library="SeleniumLibrary">
<arg>${Locator}</arg>
<arg>${Timeout}</arg>
<doc>Waits until the element ``locator`` is enabled.</doc>
<status status="PASS" starttime="20220823 08:54:43.640" endtime="20220823 08:54:43.671"/>
</kw>
<status status="PASS" starttime="20220823 08:54:43.583" endtime="20220823 08:54:43.671"/>
</kw>
<kw name="Click Element" library="SeleniumLibrary">
<arg>${Locator}</arg>
<doc>Click the element identified by ``locator``.</doc>
<msg timestamp="20220823 08:54:43.671" level="INFO">Clicking element '//*[contains(text(),'Login')]'.</msg>
<status status="PASS" starttime="20220823 08:54:43.671" endtime="20220823 08:54:43.765"/>
</kw>
<status status="PASS" starttime="20220823 08:54:43.583" endtime="20220823 08:54:43.765"/>
</kw>
<status status="PASS" starttime="20220823 08:54:43.221" endtime="20220823 08:54:43.766"/>
</kw>
<kw name="Select Account Number" library="GlobalSQA_Customer_AccountPage">
<kw name="Press A Button/Element" library="common">
<arg>${Cus_AccountNoDropDown}</arg>
<kw name="Wait For Element" library="common">
<arg>${Locator}</arg>
<kw name="Wait Until Page Loads" library="common">
<kw name="Wait Until Keyword Succeeds" library="BuiltIn">
<arg>5x</arg>
<arg>1s</arg>
<arg>Wait For Condition</arg>
<arg>return document.readyState === 'complete'</arg>
<arg>${Timeout}</arg>
<doc>Runs the specified keyword and retries if it fails.</doc>
<kw name="Wait For Condition" library="SeleniumLibrary">
<arg>return document.readyState === 'complete'</arg>
<arg>${Timeout}</arg>
<doc>Waits until ``condition`` is true or ``timeout`` expires.</doc>
<status status="PASS" starttime="20220823 08:54:43.772" endtime="20220823 08:54:43.781"/>
</kw>
<status status="PASS" starttime="20220823 08:54:43.771" endtime="20220823 08:54:43.782"/>
</kw>
<status status="PASS" starttime="20220823 08:54:43.770" endtime="20220823 08:54:43.782"/>
</kw>
<kw name="Wait Until Page Contains Element" library="SeleniumLibrary">
<arg>${Locator}</arg>
<arg>${Timeout}</arg>
<doc>Waits until the element ``locator`` appears on the current page.</doc>
<status status="PASS" starttime="20220823 08:54:43.782" endtime="20220823 08:54:44.022"/>
</kw>
<kw name="Wait Until Element Is Visible" library="SeleniumLibrary">
<arg>${Locator}</arg>
<arg>${Timeout}</arg>
<doc>Waits until the element ``locator`` is visible.</doc>
<status status="PASS" starttime="20220823 08:54:44.022" endtime="20220823 08:54:44.053"/>
</kw>
<kw name="Wait Until Element Is Enabled" library="SeleniumLibrary">
<arg>${Locator}</arg>
<arg>${Timeout}</arg>
<doc>Waits until the element ``locator`` is enabled.</doc>
<status status="PASS" starttime="20220823 08:54:44.053" endtime="20220823 08:54:44.100"/>
</kw>
<status status="PASS" starttime="20220823 08:54:43.769" endtime="20220823 08:54:44.100"/>
</kw>
<kw name="Click Element" library="SeleniumLibrary">
<arg>${Locator}</arg>
<doc>Click the element identified by ``locator``.</doc>
<msg timestamp="20220823 08:54:44.116" level="INFO">Clicking element '//*[@id='accountSelect']'.</msg>
<status status="PASS" starttime="20220823 08:54:44.116" endtime="20220823 08:54:44.229"/>
</kw>
<status status="PASS" starttime="20220823 08:54:43.768" endtime="20220823 08:54:44.229"/>
</kw>
<kw name="Press A Button/Element" library="common">
<arg>${SelectAccountNo}</arg>
<kw name="Wait For Element" library="common">
<arg>${Locator}</arg>
<kw name="Wait Until Page Loads" library="common">
<kw name="Wait Until Keyword Succeeds" library="BuiltIn">
<arg>5x</arg>
<arg>1s</arg>
<arg>Wait For Condition</arg>
<arg>return document.readyState === 'complete'</arg>
<arg>${Timeout}</arg>
<doc>Runs the specified keyword and retries if it fails.</doc>
<kw name="Wait For Condition" library="SeleniumLibrary">
<arg>return document.readyState === 'complete'</arg>
<arg>${Timeout}</arg>
<doc>Waits until ``condition`` is true or ``timeout`` expires.</doc>
<status status="PASS" starttime="20220823 08:54:44.229" endtime="20220823 08:54:44.248"/>
</kw>
<status status="PASS" starttime="20220823 08:54:44.229" endtime="20220823 08:54:44.248"/>
</kw>
<status status="PASS" starttime="20220823 08:54:44.229" endtime="20220823 08:54:44.248"/>
</kw>
<kw name="Wait Until Page Contains Element" library="SeleniumLibrary">
<arg>${Locator}</arg>
<arg>${Timeout}</arg>
<doc>Waits until the element ``locator`` appears on the current page.</doc>
<status status="PASS" starttime="20220823 08:54:44.249" endtime="20220823 08:54:44.260"/>
</kw>
<kw name="Wait Until Element Is Visible" library="SeleniumLibrary">
<arg>${Locator}</arg>
<arg>${Timeout}</arg>
<doc>Waits until the element ``locator`` is visible.</doc>
<status status="PASS" starttime="20220823 08:54:44.260" endtime="20220823 08:54:44.307"/>
</kw>
<kw name="Wait Until Element Is Enabled" library="SeleniumLibrary">
<arg>${Locator}</arg>
<arg>${Timeout}</arg>
<doc>Waits until the element ``locator`` is enabled.</doc>
<status status="PASS" starttime="20220823 08:54:44.307" endtime="20220823 08:54:44.377"/>
</kw>
<status status="PASS" starttime="20220823 08:54:44.229" endtime="20220823 08:54:44.377"/>
</kw>
<kw name="Click Element" library="SeleniumLibrary">
<arg>${Locator}</arg>
<doc>Click the element identified by ``locator``.</doc>
<msg timestamp="20220823 08:54:44.379" level="INFO">Clicking element '//*[@label='1005']'.</msg>
<status status="PASS" starttime="20220823 08:54:44.379" endtime="20220823 08:54:44.428"/>
</kw>
<status status="PASS" starttime="20220823 08:54:44.229" endtime="20220823 08:54:44.428"/>
</kw>
<status status="PASS" starttime="20220823 08:54:43.767" endtime="20220823 08:54:44.429"/>
</kw>
<kw name="Enter Deposit Amount and Confirm" library="GlobalSQA_Customer_AccountPage">
<kw name="Press A Button/Element" library="common">
<arg>${Cus_DepositButton}</arg>
<kw name="Wait For Element" library="common">
<arg>${Locator}</arg>
<kw name="Wait Until Page Loads" library="common">
<kw name="Wait Until Keyword Succeeds" library="BuiltIn">
<arg>5x</arg>
<arg>1s</arg>
<arg>Wait For Condition</arg>
<arg>return document.readyState === 'complete'</arg>
<arg>${Timeout}</arg>
<doc>Runs the specified keyword and retries if it fails.</doc>
<kw name="Wait For Condition" library="SeleniumLibrary">
<arg>return document.readyState === 'complete'</arg>
<arg>${Timeout}</arg>
<doc>Waits until ``condition`` is true or ``timeout`` expires.</doc>
<status status="PASS" starttime="20220823 08:54:44.435" endtime="20220823 08:54:44.443"/>
</kw>
<status status="PASS" starttime="20220823 08:54:44.435" endtime="20220823 08:54:44.443"/>
</kw>
<status status="PASS" starttime="20220823 08:54:44.434" endtime="20220823 08:54:44.443"/>
</kw>
<kw name="Wait Until Page Contains Element" library="SeleniumLibrary">
<arg>${Locator}</arg>
<arg>${Timeout}</arg>
<doc>Waits until the element ``locator`` appears on the current page.</doc>
<status status="PASS" starttime="20220823 08:54:44.444" endtime="20220823 08:54:44.463"/>
</kw>
<kw name="Wait Until Element Is Visible" library="SeleniumLibrary">
<arg>${Locator}</arg>
<arg>${Timeout}</arg>
<doc>Waits until the element ``locator`` is visible.</doc>
<status status="PASS" starttime="20220823 08:54:44.464" endtime="20220823 08:54:44.497"/>
</kw>
<kw name="Wait Until Element Is Enabled" library="SeleniumLibrary">
<arg>${Locator}</arg>
<arg>${Timeout}</arg>
<doc>Waits until the element ``locator`` is enabled.</doc>
<status status="PASS" starttime="20220823 08:54:44.498" endtime="20220823 08:54:44.522"/>
</kw>
<status status="PASS" starttime="20220823 08:54:44.433" endtime="20220823 08:54:44.522"/>
</kw>
<kw name="Click Element" library="SeleniumLibrary">
<arg>${Locator}</arg>
<doc>Click the element identified by ``locator``.</doc>
<msg timestamp="20220823 08:54:44.522" level="INFO">Clicking element '//*[@ng-click='deposit()' and contains(text(),'Deposit')]'.</msg>
<status status="PASS" starttime="20220823 08:54:44.522" endtime="20220823 08:54:44.622"/>
</kw>
<status status="PASS" starttime="20220823 08:54:44.432" endtime="20220823 08:54:44.622"/>
</kw>
<kw name="Input in Textbox" library="common">
<arg>${AmountInput}</arg>
<arg>${DepositAmount}</arg>
<kw name="Wait For Element" library="common">
<arg>${Locator}</arg>
<kw name="Wait Until Page Loads" library="common">
<kw name="Wait Until Keyword Succeeds" library="BuiltIn">
<arg>5x</arg>
<arg>1s</arg>
<arg>Wait For Condition</arg>
<arg>return document.readyState === 'complete'</arg>
<arg>${Timeout}</arg>
<doc>Runs the specified keyword and retries if it fails.</doc>
<kw name="Wait For Condition" library="SeleniumLibrary">
<arg>return document.readyState === 'complete'</arg>
<arg>${Timeout}</arg>
<doc>Waits until ``condition`` is true or ``timeout`` expires.</doc>
<status status="PASS" starttime="20220823 08:54:44.626" endtime="20220823 08:54:44.634"/>
</kw>
<status status="PASS" starttime="20220823 08:54:44.625" endtime="20220823 08:54:44.634"/>
</kw>
<status status="PASS" starttime="20220823 08:54:44.625" endtime="20220823 08:54:44.634"/>
</kw>
<kw name="Wait Until Page Contains Element" library="SeleniumLibrary">
<arg>${Locator}</arg>
<arg>${Timeout}</arg>
<doc>Waits until the element ``locator`` appears on the current page.</doc>
<status status="PASS" starttime="20220823 08:54:44.635" endtime="20220823 08:54:44.850"/>
</kw>
<kw name="Wait Until Element Is Visible" library="SeleniumLibrary">
<arg>${Locator}</arg>
<arg>${Timeout}</arg>
<doc>Waits until the element ``locator`` is visible.</doc>
<status status="PASS" starttime="20220823 08:54:44.851" endtime="20220823 08:54:44.872"/>
</kw>
<kw name="Wait Until Element Is Enabled" library="SeleniumLibrary">
<arg>${Locator}</arg>
<arg>${Timeout}</arg>
<doc>Waits until the element ``locator`` is enabled.</doc>
<status status="PASS" starttime="20220823 08:54:44.872" endtime="20220823 08:54:44.919"/>
</kw>
<status status="PASS" starttime="20220823 08:54:44.624" endtime="20220823 08:54:44.919"/>
</kw>
<kw name="Input Text" library="SeleniumLibrary">
<arg>${Locator}</arg>
<arg>${text}</arg>
<doc>Types the given ``text`` into the text field identified by ``locator``.</doc>
<msg timestamp="20220823 08:54:44.919" level="INFO">Typing text '5000' into text field '//*[@placeholder='amount']'.</msg>
<status status="PASS" starttime="20220823 08:54:44.919" endtime="20220823 08:54:45.058"/>
</kw>
<status status="PASS" starttime="20220823 08:54:44.623" endtime="20220823 08:54:45.058"/>
</kw>
<kw name="Press A Button/Element" library="common">
<arg>${Cus_ConfirmDepositButton}</arg>
<kw name="Wait For Element" library="common">
<arg>${Locator}</arg>
<kw name="Wait Until Page Loads" library="common">
<kw name="Wait Until Keyword Succeeds" library="BuiltIn">
<arg>5x</arg>
<arg>1s</arg>
<arg>Wait For Condition</arg>
<arg>return document.readyState === 'complete'</arg>
<arg>${Timeout}</arg>
<doc>Runs the specified keyword and retries if it fails.</doc>
<kw name="Wait For Condition" library="SeleniumLibrary">
<arg>return document.readyState === 'complete'</arg>
<arg>${Timeout}</arg>
<doc>Waits until ``condition`` is true or ``timeout`` expires.</doc>
<status status="PASS" starttime="20220823 08:54:45.058" endtime="20220823 08:54:45.074"/>
</kw>
<status status="PASS" starttime="20220823 08:54:45.058" endtime="20220823 08:54:45.074"/>
</kw>
<status status="PASS" starttime="20220823 08:54:45.058" endtime="20220823 08:54:45.074"/>
</kw>
<kw name="Wait Until Page Contains Element" library="SeleniumLibrary">
<arg>${Locator}</arg>
<arg>${Timeout}</arg>
<doc>Waits until the element ``locator`` appears on the current page.</doc>
<status status="PASS" starttime="20220823 08:54:45.074" endtime="20220823 08:54:45.100"/>
</kw>
<kw name="Wait Until Element Is Visible" library="SeleniumLibrary">
<arg>${Locator}</arg>
<arg>${Timeout}</arg>
<doc>Waits until the element ``locator`` is visible.</doc>
<status status="PASS" starttime="20220823 08:54:45.101" endtime="20220823 08:54:45.127"/>
</kw>
<kw name="Wait Until Element Is Enabled" library="SeleniumLibrary">
<arg>${Locator}</arg>
<arg>${Timeout}</arg>
<doc>Waits until the element ``locator`` is enabled.</doc>
<status status="PASS" starttime="20220823 08:54:45.128" endtime="20220823 08:54:45.170"/>
</kw>
<status status="PASS" starttime="20220823 08:54:45.058" endtime="20220823 08:54:45.170"/>
</kw>
<kw name="Click Element" library="SeleniumLibrary">
<arg>${Locator}</arg>
<doc>Click the element identified by ``locator``.</doc>
<msg timestamp="20220823 08:54:45.171" level="INFO">Clicking element '//*[@type='submit' and contains(text(),'Deposit')]'.</msg>
<status status="PASS" starttime="20220823 08:54:45.171" endtime="20220823 08:54:45.248"/>
</kw>
<status status="PASS" starttime="20220823 08:54:45.058" endtime="20220823 08:54:45.248"/>
</kw>
<status status="PASS" starttime="20220823 08:54:44.432" endtime="20220823 08:54:45.249"/>
</kw>
<kw name="Enter Withdraw Amount and Confirm" library="GlobalSQA_Customer_AccountPage">
<kw name="Press A Button/Element" library="common">
<arg>${Cus_WithdrawlButton}</arg>
<kw name="Wait For Element" library="common">
<arg>${Locator}</arg>
<kw name="Wait Until Page Loads" library="common">
<kw name="Wait Until Keyword Succeeds" library="BuiltIn">
<arg>5x</arg>
<arg>1s</arg>
<arg>Wait For Condition</arg>
<arg>return document.readyState === 'complete'</arg>
<arg>${Timeout}</arg>
<doc>Runs the specified keyword and retries if it fails.</doc>
<kw name="Wait For Condition" library="SeleniumLibrary">
<arg>return document.readyState === 'complete'</arg>
<arg>${Timeout}</arg>
<doc>Waits until ``condition`` is true or ``timeout`` expires.</doc>
<status status="PASS" starttime="20220823 08:54:45.256" endtime="20220823 08:54:45.265"/>
</kw>
<status status="PASS" starttime="20220823 08:54:45.255" endtime="20220823 08:54:45.266"/>
</kw>
<status status="PASS" starttime="20220823 08:54:45.253" endtime="20220823 08:54:45.266"/>
</kw>
<kw name="Wait Until Page Contains Element" library="SeleniumLibrary">
<arg>${Locator}</arg>
<arg>${Timeout}</arg>
<doc>Waits until the element ``locator`` appears on the current page.</doc>
<status status="PASS" starttime="20220823 08:54:45.267" endtime="20220823 08:54:45.289"/>
</kw>
<kw name="Wait Until Element Is Visible" library="SeleniumLibrary">
<arg>${Locator}</arg>
<arg>${Timeout}</arg>
<doc>Waits until the element ``locator`` is visible.</doc>
<status status="PASS" starttime="20220823 08:54:45.289" endtime="20220823 08:54:45.323"/>
</kw>
<kw name="Wait Until Element Is Enabled" library="SeleniumLibrary">
<arg>${Locator}</arg>
<arg>${Timeout}</arg>
<doc>Waits until the element ``locator`` is enabled.</doc>
<status status="PASS" starttime="20220823 08:54:45.324" endtime="20220823 08:54:45.370"/>
</kw>
<status status="PASS" starttime="20220823 08:54:45.252" endtime="20220823 08:54:45.370"/>
</kw>
<kw name="Click Element" library="SeleniumLibrary">
<arg>${Locator}</arg>
<doc>Click the element identified by ``locator``.</doc>
<msg timestamp="20220823 08:54:45.371" level="INFO">Clicking element '//*[contains(text(),'Withdrawl')]'.</msg>
<status status="PASS" starttime="20220823 08:54:45.370" endtime="20220823 08:54:45.437"/>
</kw>
<status status="PASS" starttime="20220823 08:54:45.251" endtime="20220823 08:54:45.438"/>
</kw>
<kw name="Input in Textbox" library="common">
<arg>${AmountInput}</arg>
<arg>${WithdrawAmount}</arg>
<kw name="Wait For Element" library="common">
<arg>${Locator}</arg>
<kw name="Wait Until Page Loads" library="common">
<kw name="Wait Until Keyword Succeeds" library="BuiltIn">
<arg>5x</arg>
<arg>1s</arg>
<arg>Wait For Condition</arg>
<arg>return document.readyState === 'complete'</arg>
<arg>${Timeout}</arg>
<doc>Runs the specified keyword and retries if it fails.</doc>
<kw name="Wait For Condition" library="SeleniumLibrary">
<arg>return document.readyState === 'complete'</arg>
<arg>${Timeout}</arg>
<doc>Waits until ``condition`` is true or ``timeout`` expires.</doc>
<status status="PASS" starttime="20220823 08:54:45.443" endtime="20220823 08:54:45.449"/>
</kw>
<status status="PASS" starttime="20220823 08:54:45.442" endtime="20220823 08:54:45.449"/>
</kw>
<status status="PASS" starttime="20220823 08:54:45.441" endtime="20220823 08:54:45.449"/>
</kw>
<kw name="Wait Until Page Contains Element" library="SeleniumLibrary">
<arg>${Locator}</arg>
<arg>${Timeout}</arg>
<doc>Waits until the element ``locator`` appears on the current page.</doc>
<status status="PASS" starttime="20220823 08:54:45.450" endtime="20220823 08:54:45.463"/>
</kw>
<kw name="Wait Until Element Is Visible" library="SeleniumLibrary">
<arg>${Locator}</arg>
<arg>${Timeout}</arg>
<doc>Waits until the element ``locator`` is visible.</doc>
<status status="PASS" starttime="20220823 08:54:45.463" endtime="20220823 08:54:45.488"/>
</kw>
<kw name="Wait Until Element Is Enabled" library="SeleniumLibrary">
<arg>${Locator}</arg>
<arg>${Timeout}</arg>
<doc>Waits until the element ``locator`` is enabled.</doc>
<status status="PASS" starttime="20220823 08:54:45.488" endtime="20220823 08:54:45.530"/>
</kw>
<status status="PASS" starttime="20220823 08:54:45.440" endtime="20220823 08:54:45.530"/>
</kw>
<kw name="Input Text" library="SeleniumLibrary">
<arg>${Locator}</arg>
<arg>${text}</arg>
<doc>Types the given ``text`` into the text field identified by ``locator``.</doc>
<msg timestamp="20220823 08:54:45.531" level="INFO">Typing text '4999' into text field '//*[@placeholder='amount']'.</msg>
<status status="PASS" starttime="20220823 08:54:45.530" endtime="20220823 08:54:45.660"/>
</kw>
<status status="PASS" starttime="20220823 08:54:45.438" endtime="20220823 08:54:45.660"/>
</kw>
<kw name="Press A Button/Element" library="common">
<arg>${Cus_ConfirmWithdrawButton}</arg>
<kw name="Wait For Element" library="common">
<arg>${Locator}</arg>
<kw name="Wait Until Page Loads" library="common">
<kw name="Wait Until Keyword Succeeds" library="BuiltIn">
<arg>5x</arg>
<arg>1s</arg>
<arg>Wait For Condition</arg>
<arg>return document.readyState === 'complete'</arg>
<arg>${Timeout}</arg>
<doc>Runs the specified keyword and retries if it fails.</doc>
<kw name="Wait For Condition" library="SeleniumLibrary">
<arg>return document.readyState === 'complete'</arg>
<arg>${Timeout}</arg>
<doc>Waits until ``condition`` is true or ``timeout`` expires.</doc>
<status status="PASS" starttime="20220823 08:54:45.665" endtime="20220823 08:54:45.682"/>
</kw>
<status status="PASS" starttime="20220823 08:54:45.664" endtime="20220823 08:54:45.683"/>
</kw>
<status status="PASS" starttime="20220823 08:54:45.663" endtime="20220823 08:54:45.683"/>
</kw>
<kw name="Wait Until Page Contains Element" library="SeleniumLibrary">
<arg>${Locator}</arg>
<arg>${Timeout}</arg>
<doc>Waits until the element ``locator`` appears on the current page.</doc>
<status status="PASS" starttime="20220823 08:54:45.683" endtime="20220823 08:54:45.704"/>
</kw>
<kw name="Wait Until Element Is Visible" library="SeleniumLibrary">
<arg>${Locator}</arg>
<arg>${Timeout}</arg>
<doc>Waits until the element ``locator`` is visible.</doc>
<status status="PASS" starttime="20220823 08:54:45.704" endtime="20220823 08:54:45.738"/>
</kw>
<kw name="Wait Until Element Is Enabled" library="SeleniumLibrary">
<arg>${Locator}</arg>
<arg>${Timeout}</arg>
<doc>Waits until the element ``locator`` is enabled.</doc>
<status status="PASS" starttime="20220823 08:54:45.738" endtime="20220823 08:54:45.788"/>
</kw>
<status status="PASS" starttime="20220823 08:54:45.662" endtime="20220823 08:54:45.788"/>
</kw>
<kw name="Click Element" library="SeleniumLibrary">
<arg>${Locator}</arg>
<doc>Click the element identified by ``locator``.</doc>
<msg timestamp="20220823 08:54:45.790" level="INFO">Clicking element '//*[@type='submit' and contains(text(),'Withdraw')]'.</msg>
<status status="PASS" starttime="20220823 08:54:45.790" endtime="20220823 08:54:45.905"/>
</kw>
<status status="PASS" starttime="20220823 08:54:45.661" endtime="20220823 08:54:45.905"/>
</kw>
<status status="PASS" starttime="20220823 08:54:45.250" endtime="20220823 08:54:45.907"/>
</kw>
<kw name="Select Home Page Button" library="GlobalSQA_MainHome">
<kw name="Press A Button/Element" library="common">
<arg>${HomePageButton}</arg>
<kw name="Wait For Element" library="common">
<arg>${Locator}</arg>
<kw name="Wait Until Page Loads" library="common">
<kw name="Wait Until Keyword Succeeds" library="BuiltIn">
<arg>5x</arg>
<arg>1s</arg>
<arg>Wait For Condition</arg>
<arg>return document.readyState === 'complete'</arg>
<arg>${Timeout}</arg>
<doc>Runs the specified keyword and retries if it fails.</doc>
<kw name="Wait For Condition" library="SeleniumLibrary">
<arg>return document.readyState === 'complete'</arg>
<arg>${Timeout}</arg>
<doc>Waits until ``condition`` is true or ``timeout`` expires.</doc>
<status status="PASS" starttime="20220823 08:54:45.913" endtime="20220823 08:54:45.921"/>
</kw>
<status status="PASS" starttime="20220823 08:54:45.912" endtime="20220823 08:54:45.921"/>
</kw>
<status status="PASS" starttime="20220823 08:54:45.912" endtime="20220823 08:54:45.922"/>
</kw>
<kw name="Wait Until Page Contains Element" library="SeleniumLibrary">
<arg>${Locator}</arg>
<arg>${Timeout}</arg>
<doc>Waits until the element ``locator`` appears on the current page.</doc>
<status status="PASS" starttime="20220823 08:54:45.922" endtime="20220823 08:54:45.940"/>
</kw>
<kw name="Wait Until Element Is Visible" library="SeleniumLibrary">
<arg>${Locator}</arg>
<arg>${Timeout}</arg>
<doc>Waits until the element ``locator`` is visible.</doc>
<status status="PASS" starttime="20220823 08:54:45.941" endtime="20220823 08:54:45.970"/>
</kw>
<kw name="Wait Until Element Is Enabled" library="SeleniumLibrary">
<arg>${Locator}</arg>
<arg>${Timeout}</arg>
<doc>Waits until the element ``locator`` is enabled.</doc>
<status status="PASS" starttime="20220823 08:54:45.970" endtime="20220823 08:54:46.032"/>
</kw>
<status status="PASS" starttime="20220823 08:54:45.911" endtime="20220823 08:54:46.032"/>
</kw>
<kw name="Click Element" library="SeleniumLibrary">
<arg>${Locator}</arg>
<doc>Click the element identified by ``locator``.</doc>
<msg timestamp="20220823 08:54:46.048" level="INFO">Clicking element '//*[contains(text(),'Home')]'.</msg>
<status status="PASS" starttime="20220823 08:54:46.032" endtime="20220823 08:54:46.115"/>
</kw>
<status status="PASS" starttime="20220823 08:54:45.909" endtime="20220823 08:54:46.115"/>
</kw>
<status status="PASS" starttime="20220823 08:54:45.908" endtime="20220823 08:54:46.116"/>
</kw>
<kw name="Exit Browser" library="common" type="TEARDOWN">
<kw name="Go Back" library="SeleniumLibrary">
<doc>Simulates the user clicking the back button on their browser.</doc>
<status status="PASS" starttime="20220823 08:54:46.118" endtime="20220823 08:54:46.135"/>
</kw>
<kw name="Close Browser" library="SeleniumLibrary">
<doc>Closes the current browser.</doc>
<status status="PASS" starttime="20220823 08:54:46.135" endtime="20220823 08:54:48.979"/>
</kw>
<status status="PASS" starttime="20220823 08:54:46.117" endtime="20220823 08:54:48.980"/>
</kw>
<status status="PASS" starttime="20220823 08:54:33.000" endtime="20220823 08:54:48.981"/>
</test>
<status status="PASS" starttime="20220823 08:54:32.366" endtime="20220823 08:54:48.984"/>
</suite>
<statistics>
<total>
<stat pass="1" fail="0" skip="0">All Tests</stat>
</total>
<tag>
</tag>
<suite>
<stat pass="1" fail="0" skip="0" id="s1" name="GlobalSQA">GlobalSQA</stat>
</suite>
</statistics>
<errors>
</errors>
</robot>
